<?xml version="1.0" encoding="UTF-8"?>
<!-- Generated by org.testng.reporters.JUnitReportReporter -->
<testsuite hostname="rajz-Dell-System-Inspiron-N4110" failures="0" tests="2" name="com.testcases.teleDocTests" time="33.334" errors="0" timestamp="2022-01-20T17:27:17 IST" skipped="0">
  <testcase classname="com.testcases.teleDocTests" name="addUserTest" time="3.095"/>
  <system-out/>
  <testcase classname="com.testcases.teleDocTests" name="deleteUserTest" time="30.239"/>
  <system-out/>
</testsuite> <!-- com.testcases.teleDocTests -->
