<?xml version="1.0" encoding="UTF-8"?>
<!-- Generated by org.testng.reporters.JUnitReportReporter -->
<testsuite hostname="rajz-Dell-System-Inspiron-N4110" failures="0" tests="2" name="com.testcases.telaDocTests" time="36.380" errors="0" timestamp="2022-01-20T17:32:26 IST" skipped="0">
  <testcase classname="com.testcases.telaDocTests" name="deleteUserTest" time="30.233"/>
  <system-out/>
  <testcase classname="com.testcases.telaDocTests" name="addUserTest" time="6.147"/>
  <system-out/>
</testsuite> <!-- com.testcases.telaDocTests -->
